
ROM used: 6300 (19%)
          8196 (25%) including unused fragments

          1 Average locations per line
          7 Average locations per statement

RAM used: 485 (24%) at main() level
          643 (31%) worst case

Stack used: 17 worst case (out of 31 total available)

Lines Stmts  %   Files
----- ----- ---  -----
  243   106  12  main.c
   26     0   0  config18F4550Trainer.c
  462     0   0  C:\Program Files (x86)\PICC\devices\18F4550.h
  142     2   0  usb\usb_bootloader.h
  776   138  15  usb\usb_cdc.h
  224     0   0  C:\Program Files (x86)\PICC\drivers\pic18_usb.h
  328     0   0  C:\Program Files (x86)\PICC\drivers\usb_hw_layer.h
  287     0   0  C:\Program Files (x86)\PICC\drivers\usb_desc_cdc.h
 1087     0   0  C:\Program Files (x86)\PICC\drivers\usb.h
  818   237  26  C:\Program Files (x86)\PICC\drivers\usb.c
 1377   320  35  C:\Program Files (x86)\PICC\drivers\pic18_usb.c
   28   109  12  C:\Program Files (x86)\PICC\drivers\ctype.h
----- -----
 5798   912 Total

Page ROM  %  RAM   Vol Diff  Functions:
---- --- --- ---   --- ----  ----------
0     32   0   7             @READ_PROGRAM_MEMORY
0     32   0   0             @FLASHWR
0     84   1   7             @WRITE_PROGRAM_MEMORY
0     42   0   1             @delay_ms1
0      4   0   0    50  2.5  BlankApplication
0     68   1   0             @const69
0     32   0   0             @const189
0     32   0   0             @const191
0     48   0   0             @const193
0     48   0   0             @const195
0     84   1   0             @const197
0     18   0   0             @const199
0     24   0   0             @const201
0     34   0   0             @const205
0     34   0   5             @MUL1616
0     86   1   4   139  4.3  usb_tbe
0     36   0   1   134  2.5  usb_detach
0     34   0   0   136  2.2  usb_attach
0      6   0   0    16  1.0  usb_init_cs
0     34   0   1   362  5.0  usb_task
0     14   0   0    61  2.5  usb_init
0    290   2   9  1092  5.4  usb_flush_in
0    164   1  10   344  6.1  usb_put_packet
0    252   2   9   914  5.0  usb_flush_out
0     68   1   3    66  2.7  usb_rx_packet_size
0    102   1   6   258  4.6  usb_stall_ep
0    100   1   6   266  4.6  usb_unstall_ep
0    118   1   5   373  6.0  usb_endpoint_stalled
0     26   0   1    94  2.7  usb_set_address
0    484   4  12  1774 10.4  usb_set_configured
0    112   1   5   199  3.2  usb_disable_endpoint
0     30   0   1    99  3.0  usb_disable_endpoints
0      4   0   0    48  2.9  usb_clear_trn
0    136   1   2   656  6.7  usb_isr
0      6   0   0    43  2.0  usb_isr_sof
0     42   0   0   357  4.2  usb_isr_rst
0     32   0   0   508  4.0  usb_init_ep0_setup
0      8   0   0    74  2.8  usb_isr_uerr
0     10   0   0    82  2.8  usb_isr_uidle
0     16   0   0   102  3.3  usb_isr_activity
0     14   0   0   151  3.9  usb_isr_stall
0      6   0   1    30  1.7  usb_request_send_response
0      6   0   0    22  1.2  usb_request_get_data
0      4   0   0    22  1.2  usb_request_stall
0    460   4   8  2041  7.9  usb_isr_tok_dne
0      8   0   0    29  1.9  usb_enumerated
0     44   0   3   248  4.0  usb_token_reset
0     80   1   3   274  5.9  usb_endpoint_is_valid
0     50   0   1   212  3.1  usb_isr_tok_in_dne
0     30   0   1   115  2.5  usb_isr_tok_out_dne
0     52   0   0   336  5.5  usb_isr_tok_setup_dne
0    184   1   0  1454  8.3  usb_isr_tkn_setup_StandardDevice
0    158   1   3   939  7.7  usb_isr_tkn_setup_StandardInterface
0    106   1   0   753  5.8  usb_isr_tkn_setup_StandardEndpoint
0    146   1   0  1088  8.7  usb_Get_Descriptor
0     14   0   0    76  1.8  usb_finish_set_address
0    118   1   4   622  9.1  usb_copy_desc_seg_to_ep
0    100   1   0   401  6.1  usb_isr_tok_out_cdc_control_dne
0    176   1   0  1146  8.3  usb_isr_tkn_cdc
0     28   0   0   174  3.6  usb_isr_tok_out_cdc_data_dne
0      6   0   0    16  1.0  usb_isr_tok_in_cdc_data_dne
0     38   0   0   106  2.9  usb_cdc_flush_out_buffer
0     36   0   0   280  2.3  usb_cdc_init
0     16   0   0    59  2.3  usb_cdc_get_discard
0     62   0   2   239  5.5  usb_cdc_getc
0     56   0   4   206  4.5  _usb_cdc_putc_fast_noflush
0     50   0   1    67  1.8  usb_cdc_putc_fast
0     16   0   1    80  3.1  usb_cdc_putc
0     16   0   0    88  2.4  high_isr
0     16   0   0   110  2.3  low_isr
0     78   1   0   129  3.8  rom_w_flush
0    292   2  18   673  9.2  rom_w_block
0     78   1   6   389  7.5  atoi_b16
0    596   5 116  2877 13.8  load_program
0    164   1   0   233  3.6  MAIN

Program metrics:
    Functions               61
    Statements              912
    Comments                4216
    Volume (V)              45296
    Difficilty (D)          274.3
    Effort to implement (E) 12423102
    Time to implement (T)   191 hours, 43 minutes
    Est Delivered Bugs (B)  18
    Cyclomatic Complexity   143
    Maintainability (MI)    108

 Segment     Used  Free
-----------  ----  ----
00000-00006     4  4  
00008-00016    16  0  
00018-00026    16  0  
00028-000CC   166  0  
000CE-01FFE  6094  1892  
02000-0200E     4  12  
02010-07FFE     0  24560  



