
ROM used: 252 (1%)
          256 (1%) including unused fragments

          0 Average locations per line
          18 Average locations per statement

RAM used: 27 (1%) at main() level
          27 (1%) worst case

Stack used: 1 worst case (out of 31 total available)

Lines Stmts  %   Files
----- ----- ---  -----
   69    14 100  Interrup.c
  462     0   0  C:\Program Files (x86)\PICC\devices\18F4550.h
  142     0   0  C:\Program Files (x86)\PICC\drivers\usb\usb_bootloader.h
----- -----
  673    14 Total

Page ROM  %  RAM   Vol Diff  Functions:
---- --- --- ---   --- ----  ----------
0      8   2   0    13  1.0  CONTROL_EXT
0     74  15   0   245  2.3  MAIN

Program metrics:
    Functions               2
    Statements              14
    Comments                182
    Volume (V)              284
    Difficilty (D)          4.0
    Effort to implement (E) 1137
    Time to implement (T)   1 minutes
    Est Delivered Bugs (B)  0
    Cyclomatic Complexity   1
    Maintainability (MI)    154

 Segment     Used  Free
-----------  ----  ----
00000-01FFE     0  8192  
02000-02006     4  4  
02008-020AC   166  0  
020AE-07FFE    82  24320  



