
ROM used: 1052 (3%)
          1056 (3%) including unused fragments

          1 Average locations per line
          5 Average locations per statement

RAM used: 42 (2%) at main() level
          46 (2%) worst case

Stack used: 3 worst case (out of 31 total available)

Lines Stmts  %   Files
----- ----- ---  -----
   49    10   5  Ejemplo 5 - dcMotorControl.c
   44     5   3  ..\..\..\..\..\..\..\..\Program Files (x86)\PICC\drivers\Cabecera JACSS.c
  462     0   0  ..\..\..\..\..\..\..\..\Program Files (x86)\PICC\devices\18F4550.h
  133     0   0  ..\..\..\..\..\..\..\..\Program Files (x86)\PICC\drivers\usb_bootloader.h
   58     7   4  ..\..\..\..\..\..\..\..\Program Files (x86)\PICC\drivers\Arduino Functions.c
  346   170  89  ..\..\..\..\..\..\..\..\Program Files (x86)\PICC\drivers\analogWrite.c
----- -----
 1092   192 Total

Page ROM  %  RAM   Vol Diff  Functions:
---- --- --- ---   --- ----  ----------
0     42   2   1             @delay_ms1
0    460  22   2  3615  9.0  analogWrite
0     42   2   3             @DIV88
0    266  13   0  1663  3.8  Timer3_Interrupt
0     72   3   1   212  3.2  MAIN

Program metrics:
    Functions               3
    Statements              192
    Comments                380
    Volume (V)              6402
    Difficilty (D)          15.8
    Effort to implement (E) 101004
    Time to implement (T)   1 hours, 34 minutes
    Est Delivered Bugs (B)  1
    Cyclomatic Complexity   60
    Maintainability (MI)    10

 Segment     Used  Free
-----------  ----  ----
00000-01FFE     0  8192  
02000-02006     4  4  
02008-020AC   166  0  
020AE-07FFE   882  23520  



