
ROM used: 466 (1%)
          470 (1%) including unused fragments

          1 Average locations per line
          16 Average locations per statement

RAM used: 32 (2%) at main() level
          38 (2%) worst case

Stack used: 3 worst case (out of 31 total available)

Lines Stmts  %   Files
----- ----- ---  -----
   27    12  40  servosLib.c
  462     0   0  ..\..\..\..\..\Program Files (x86)\PICC\devices\18F4550.h
  133     0   0  ..\..\..\..\..\Program Files (x86)\PICC\drivers\usb_bootloader.h
   40    18  60  servoSof.c
----- -----
  662    30 Total

Page ROM  %  RAM   Vol Diff  Functions:
---- --- --- ---   --- ----  ----------
0     32   3   1             @delay_us1
0    122  13   1   351  6.2  TIMER2_isr
0     32   3   5   172  2.3  @MUL1616
0     20   2   0    78  2.0  initServo
0     10   1   1    33  2.0  setServo
0     80   9   0   221  4.0  MAIN

Program metrics:
    Functions               5
    Statements              30
    Comments                164
    Volume (V)              1234
    Difficilty (D)          16.5
    Effort to implement (E) 20342
    Time to implement (T)   19 minutes
    Est Delivered Bugs (B)  0
    Cyclomatic Complexity   5
    Maintainability (MI)    139

 Segment     Used  Free
-----------  ----  ----
00000-01FFE     0  8192  
02000-02006     4  4  
02008-020AC   166  0  
020AE-07FFE   296  24106  



