
ROM used: 1134 (3%)
          1138 (3%) including unused fragments

          1 Average locations per line
          12 Average locations per statement

RAM used: 28 (1%) at main() level
          43 (2%) worst case

Stack used: 5 worst case (out of 31 total available)

Lines Stmts  %   Files
----- ----- ---  -----
   56    19  20  grafica.c
  462     0   0  C:\Program Files (x86)\PICC\devices\18F4550.h
  142     0   0  C:\Program Files (x86)\PICC\drivers\usb\usb_bootloader.h
  334    77  80  C:\Program Files (x86)\PICC\drivers\nokia3310Driver.c
----- -----
  994    96 Total

Page ROM  %  RAM   Vol Diff  Functions:
---- --- --- ---   --- ----  ----------
0    494  22   0             @const83
0     70   3   0   282  1.9  initlcd
0     20   1   1    78  1.3  writecom
0     20   1   1    78  1.3  writedata
0     44   2   3   276  5.5  clockdata
0     38   2   2   131  3.5  clearram
0     26   1   3   106  2.8  cursorxy
0     94   4   9   413  7.5  putlcdchar
0     32   1   5             @MUL1616
0     48   2   3    57  2.5  putstr
0     38   2   1             @delay_ms1
0    206   9  22   594  3.8  MAIN

Program metrics:
    Functions               9
    Statements              96
    Comments                404
    Volume (V)              3169
    Difficilty (D)          29.6
    Effort to implement (E) 93691
    Time to implement (T)   1 hours, 27 minutes
    Est Delivered Bugs (B)  1
    Cyclomatic Complexity   5
    Maintainability (MI)    61

 Segment     Used  Free
-----------  ----  ----
00000-01FFE     0  8192  
02000-02006     4  4  
02008-07FFE  1130  23438  



