
ROM used: 6440 (20%)
          6444 (20%) including unused fragments

          1 Average locations per line
          8 Average locations per statement

RAM used: 425 (21%) at main() level
          482 (24%) worst case

Stack used: 18 worst case (out of 31 total available)

Lines Stmts  %   Files
----- ----- ---  -----
   43    20   2  TMP35.c
  462     0   0  ..\..\..\..\..\..\..\..\..\Program Files (x86)\PICC\devices\18F4550.h
  133     0   0  ..\..\..\..\..\..\..\..\..\Program Files (x86)\PICC\drivers\usb_bootloader.h
   13     2   0  ..\..\..\..\..\..\..\..\..\Program Files (x86)\PICC\drivers\JACSS CDC.c
  582   125  16  ..\..\..\..\..\..\..\..\..\Program Files (x86)\PICC\drivers\usb\usb_cdc.h
  222     0   0  ..\..\..\..\..\..\..\..\..\Program Files (x86)\PICC\drivers\usb\pic18_usb.h
  328     0   0  ..\..\..\..\..\..\..\..\..\Program Files (x86)\PICC\drivers\usb\usb_hw_layer.h
  287     0   0  ..\..\..\..\..\..\..\..\..\Program Files (x86)\PICC\drivers\usb\usb_desc_cdc.h
 1063     0   0  ..\..\..\..\..\..\..\..\..\Program Files (x86)\PICC\drivers\usb\usb.h
  808   237  30  ..\..\..\..\..\..\..\..\..\Program Files (x86)\PICC\drivers\usb\usb.c
 1281   320  40  ..\..\..\..\..\..\..\..\..\Program Files (x86)\PICC\drivers\usb\pic18_usb.c
   28    96  12  ..\..\..\..\..\..\..\..\..\Program Files (x86)\PICC\drivers\ctype.h
----- -----
 5250   800 Total

Page ROM  %  RAM   Vol Diff  Functions:
---- --- --- ---   --- ----  ----------
0     40   0   1             @delay_ms1
0     32   0   0             @const181
0     32   0   0             @const183
0     48   0   0             @const185
0     48   0   0             @const187
0     84   1   0             @const189
0     18   0   0             @const191
0     24   0   0             @const193
0     34   0   0             @const197
0     68   1   0             @const200
0     30   0   5             @MUL1616
0     78   1   4   133  4.3  usb_tbe
0     36   0   1   134  2.5  usb_detach
0     34   0   0   136  2.2  usb_attach
0      6   0   0    16  1.0  usb_init_cs
0     36   0   1   346  4.6  usb_task
0     14   0   0    61  2.5  usb_init
0    266   2   9  1083  5.4  usb_flush_in
0    156   1  10   320  5.5  usb_put_packet
0    222   2   9   899  4.9  usb_flush_out
0     60   0   3    61  2.6  usb_rx_packet_size
0     90   1   6   251  4.6  usb_stall_ep
0     88   1   6   258  4.6  usb_unstall_ep
0    106   1   5   360  5.8  usb_endpoint_stalled
0     22   0   1    88  2.7  usb_set_address
0    418   3  12  1722  9.8  usb_set_configured
0     96   1   5   192  3.2  usb_disable_endpoint
0     22   0   1    93  2.9  usb_disable_endpoints
0      4   0   0    39  2.0  usb_clear_trn
0    126   1   2   638  6.6  usb_isr
0      6   0   0    43  2.0  usb_isr_sof
0     42   0   0   357  4.2  usb_isr_rst
0     32   0   0   508  4.0  usb_init_ep0_setup
0      8   0   0    74  2.8  usb_isr_uerr
0     10   0   0    82  2.8  usb_isr_uidle
0     16   0   0   102  3.3  usb_isr_activity
0     14   0   0   151  3.9  usb_isr_stall
0      6   0   1    30  1.7  usb_request_send_response
0      6   0   0    22  1.2  usb_request_get_data
0      4   0   0    22  1.2  usb_request_stall
0    398   3   8  2031  7.9  usb_isr_tok_dne
0     12   0   0    52  2.1  usb_wait_for_enumeration
0     40   0   3   248  4.0  usb_token_reset
0     68   1   3   267  5.9  usb_endpoint_is_valid
0     34   0   1   204  3.1  usb_isr_tok_in_dne
0     18   0   1   108  2.5  usb_isr_tok_out_dne
0     52   0   0   336  5.5  usb_isr_tok_setup_dne
0    166   1   0  1454  8.3  usb_isr_tkn_setup_StandardDevice
0    142   1   3   930  7.7  usb_isr_tkn_setup_StandardInterface
0     96   1   0   753  5.8  usb_isr_tkn_setup_StandardEndpoint
0    146   1   0  1088  8.7  usb_Get_Descriptor
0     14   0   0    76  1.8  usb_finish_set_address
0    102   1   4   591  8.6  usb_copy_desc_seg_to_ep
0     92   1   0   401  6.1  usb_isr_tok_out_cdc_control_dne
0    164   1   0  1121  8.3  usb_isr_tkn_cdc
0     24   0   0   174  3.6  usb_isr_tok_out_cdc_data_dne
0     10   0   0    30  1.5  usb_isr_tok_in_cdc_data_dne
0     30   0   0    86  2.1  usb_cdc_flush_out_buffer
0     34   0   0   255  2.3  usb_cdc_init
0     14   0   0    59  2.3  usb_cdc_get_discard
0     48   0   4   220  4.5  _usb_cdc_putc_fast_noflush
0     46   0   1    63  1.6  usb_cdc_putc_fast
0     52   0   1   115  3.3  usb_cdc_putc
0      8   0   0    21  1.0  usbInit
0    290   2   5   213  3.3  temp_sensor
0     56   0   2             @ITOF
0    242   2  11             @MULFF
0    348   3  14             @DIVFF
0     18   0   0             @const443
0    180   1   9             @PRINTF_LU_70
0     64   0   5             @FTOSD
0    142   1  13             @DIV3232
0    378   3  13             @PRINTF_L32D_70FPFPF
0     32   0   3             @PSTRINGCN_70
0    176   1   1   290  2.2  MAIN
0     18   0   0             @const458
0     34   0   2             @PSTRINGC_70

Program metrics:
    Functions               55
    Statements              800
    Comments                3493
    Volume (V)              36909
    Difficilty (D)          224.2
    Effort to implement (E) 8276889
    Time to implement (T)   127 hours, 44 minutes
    Est Delivered Bugs (B)  14
    Cyclomatic Complexity   121
    Maintainability (MI)    82

 Segment     Used  Free
-----------  ----  ----
00000-01FFE     0  8192  
02000-02006     4  4  
02008-020AC   166  0  
020AE-07FFE  6270  18132  



