
ROM used: 88 (0%)
          92 (0%) including unused fragments

          0 Average locations per line
          15 Average locations per statement

RAM used: 5 (0%) at main() level
          6 (0%) worst case

Stack used: 1 worst case (out of 31 total available)

Lines Stmts  %   Files
----- ----- ---  -----
   19     6 100  Blinking LED.c
  462     0   0  C:\Program Files (x86)\PICC\devices\18F4550.h
  142     0   0  C:\Program Files (x86)\PICC\drivers\usb\usb_bootloader.h
----- -----
  623     6 Total

Page ROM  %  RAM   Vol Diff  Functions:
---- --- --- ---   --- ----  ----------
0     40  23   1             @delay_ms1
0     44  25   0   108  2.1  main

Program metrics:
    Functions               1
    Statements              6
    Comments                154
    Volume (V)              110
    Difficilty (D)          2.0
    Effort to implement (E) 217
    Time to implement (T)   0 minutes
    Est Delivered Bugs (B)  0
    Cyclomatic Complexity   1
    Maintainability (MI)    136

 Segment     Used  Free
-----------  ----  ----
00000-01FFE     0  8192  
02000-02006     4  4  
02008-07FFE    84  24484  



