
ROM used: 592 (2%)
          596 (2%) including unused fragments

          1 Average locations per line
          7 Average locations per statement

RAM used: 5 (0%) at main() level
          17 (1%) worst case

Stack used: 6 worst case (out of 31 total available)

Lines Stmts  %   Files
----- ----- ---  -----
   42    10  13  FlexLCD.c
  462     0   0  ..\..\..\..\..\..\..\..\..\Program Files (x86)\PICC\devices\18F4550.h
  133     0   0  ..\..\..\..\..\..\..\..\..\Program Files (x86)\PICC\drivers\usb_bootloader.h
  238    69  87  ..\..\..\..\..\..\..\..\..\Program Files (x86)\PICC\drivers\flex_lcd.c
----- -----
  875    79 Total

Page ROM  %  RAM   Vol Diff  Functions:
---- --- --- ---   --- ----  ----------
0     40   3   1             @delay_ms1
0     20   2   0   253  3.2  @const67
0     70   6   1   328  2.7  lcd_send_nibble
0     50   4   1   362  2.3  lcd_read_nibble
0     36   3   3   165  3.3  lcd_read_byte
0     66   6   3   319  4.1  lcd_send_byte
0     78   7   2   384  4.4  lcd_init
0     34   3   4   186  5.5  lcd_gotoxy
0     68   6   1   275  3.9  lcd_putc
0     82   7   0   228  2.2  MAIN
0      6   1   0             @const101
0     32   3   2             @PSTRINGC_89
0      6   1   0             @const103

Program metrics:
    Functions               9
    Statements              79
    Comments                237
    Volume (V)              4042
    Difficilty (D)          30.7
    Effort to implement (E) 124135
    Time to implement (T)   1 hours, 55 minutes
    Est Delivered Bugs (B)  1
    Cyclomatic Complexity   9
    Maintainability (MI)    154

 Segment     Used  Free
-----------  ----  ----
00000-01FFE     0  8192  
02000-02006     4  4  
02008-07FFE   588  23980  



