
ROM used: 1086 (3%)
          1090 (3%) including unused fragments

          1 Average locations per line
          6 Average locations per statement

RAM used: 43 (2%) at main() level
          47 (2%) worst case

Stack used: 3 worst case (out of 31 total available)

Lines Stmts  %   Files
----- ----- ---  -----
   51    15   8  Ejemplo 6 - dcMotorPWM.c
   44     5   3  C:\Program Files (x86)\PICC\drivers\Cabecera_JACSS.c
  462     0   0  C:\Program Files (x86)\PICC\devices\18F4550.h
  133     0   0  C:\Program Files (x86)\PICC\drivers\usb_bootloader.h
   58     7   4  C:\Program Files (x86)\PICC\drivers\Arduino Functions.c
  346   170  86  C:\Program Files (x86)\PICC\drivers\analogWrite.c
----- -----
 1094   197 Total

Page ROM  %  RAM   Vol Diff  Functions:
---- --- --- ---   --- ----  ----------
0     40   2   1             @delay_ms1
0    458  21   2  3615  9.0  analogWrite
0     42   2   3             @DIV88
0    266  12   0  1663  3.8  Timer3_Interrupt
0    110   5   1   310  4.2  MAIN

Program metrics:
    Functions               3
    Statements              197
    Comments                386
    Volume (V)              6562
    Difficilty (D)          16.7
    Effort to implement (E) 109781
    Time to implement (T)   1 hours, 42 minutes
    Est Delivered Bugs (B)  1
    Cyclomatic Complexity   59
    Maintainability (MI)    11

 Segment     Used  Free
-----------  ----  ----
00000-01FFE     0  8192  
02000-02006     4  4  
02008-020AC   166  0  
020AE-07FFE   916  23486  



