
ROM used: 1064 (3%)
          1068 (3%) including unused fragments

          1 Average locations per line
          6 Average locations per statement

RAM used: 42 (2%) at main() level
          46 (2%) worst case

Stack used: 3 worst case (out of 31 total available)

Lines Stmts  %   Files
----- ----- ---  -----
   38     8   4  Ejemplo 4 - H-Bridge.c
   44     5   3  ..\..\..\..\..\..\..\..\Program Files (x86)\PICC\drivers\Cabecera JACSS.c
  462     0   0  ..\..\..\..\..\..\..\..\Program Files (x86)\PICC\devices\18F4550.h
  133     0   0  ..\..\..\..\..\..\..\..\Program Files (x86)\PICC\drivers\usb_bootloader.h
   58     7   4  ..\..\..\..\..\..\..\..\Program Files (x86)\PICC\drivers\Arduino Functions.c
  346   170  89  ..\..\..\..\..\..\..\..\Program Files (x86)\PICC\drivers\analogWrite.c
----- -----
 1081   190 Total

Page ROM  %  RAM   Vol Diff  Functions:
---- --- --- ---   --- ----  ----------
0     40   2   1             @delay_ms1
0    458  22   2  3615  9.0  analogWrite
0     42   2   3             @DIV88
0    266  12   0  1663  3.8  Timer3_Interrupt
0     88   4   1   174  2.2  MAIN

Program metrics:
    Functions               3
    Statements              190
    Comments                363
    Volume (V)              6338
    Difficilty (D)          14.8
    Effort to implement (E) 94080
    Time to implement (T)   1 hours, 27 minutes
    Est Delivered Bugs (B)  1
    Cyclomatic Complexity   59
    Maintainability (MI)    11

 Segment     Used  Free
-----------  ----  ----
00000-01FFE     0  8192  
02000-02006     4  4  
02008-020AC   166  0  
020AE-07FFE   894  23508  



