
ROM used: 694 (2%)
          698 (2%) including unused fragments

          1 Average locations per line
          7 Average locations per statement

RAM used: 5 (0%) at main() level
          18 (1%) worst case

Stack used: 6 worst case (out of 31 total available)

Lines Stmts  %   Files
----- ----- ---  -----
   30     7   7  LCDHolamundo.c
  462     0   0  C:\Program Files (x86)\PICC\devices\18F4550.h
  142     0   0  C:\Program Files (x86)\PICC\drivers\usb\usb_bootloader.h
  418    91  93  C:\Program Files (x86)\PICC\drivers\lcd.c
----- -----
 1052    98 Total

Page ROM  %  RAM   Vol Diff  Functions:
---- --- --- ---   --- ----  ----------
0     40   3   1             @delay_ms1
0     20   1   0             @const74
0     82   6   3   751  4.5  lcd_read_byte
0     82   6   2   254  3.7  lcd_read_nibble
0     70   5   1   391  2.4  lcd_send_nibble
0     70   5   3   402  3.6  lcd_send_byte
0    108   8   2   754  5.0  lcd_init
0     34   2   4   191  5.8  lcd_gotoxy
0     82   6   1   354  4.7  lcd_putc
0     56   4   0   136  2.0  MAIN
0     12   1   0             @const101
0     34   2   2             @PSTRINGC_92

Program metrics:
    Functions               8
    Statements              98
    Comments                280
    Volume (V)              4908
    Difficilty (D)          31.1
    Effort to implement (E) 152640
    Time to implement (T)   2 hours, 21 minutes
    Est Delivered Bugs (B)  1
    Cyclomatic Complexity   8
    Maintainability (MI)    110

 Segment     Used  Free
-----------  ----  ----
00000-01FFE     0  8192  
02000-02006     4  4  
02008-07FFE   690  23878  



